===========================================================================
         ________    _________   _________     __     _________            
        |        |\ |        |\ |        |\   |  |\  /         \\          
        |    ____|| |    ____|| |    __  ||   |__|| |    ___    ||         
        |   |\___\| |   |\___\| |   |\_| ||    \_\| |   //  \   ||         
        |   ||      |   ||      |   || | ||    __   |  ||    |  ||         
        |   ||__    |   ||__    |   ||_| ||   |  |\ |  ||    |  ||         
        |       |\  |       |\  |         \\  |  || |  ||    |  ||         
        |    ___||  |    ___||  |    ___   || |  || |  ||    |  ||         
        |   |\__\|  |   |\__\|  |   |\__|  || |  || |  ||    |  ||         
        |   ||      |   ||      |   ||  |  || |  || |  ||    |  ||         
        |   ||      |   ||___   |   ||__|  || |  || |   \\__/   ||         
        |   ||      |        |\ |          || |  || |           ||         
        |___||      |________|| |__________|| |__||  \_________//          
                                                                           
      F I N I T E   E L E M E N T S   F O R   B I O M E C H A N I C S      
                                                                           
                 --- v e r s i o n - 2 . 5 . 0 . 8514 ---                 
                                                                           
                                                                           
  Musculoskeletal Research Laboratory                                      
  University of Utah                                                       
  http://febio.org                                                         
                                                                           
  FEBio is a registered trademark.                                         
  copyright (c) 2006-2015 - All rights reserved                            
                                                                           
 This is the NON-COMMERCIAL version of FEBio. This version may only be          
 used for non-commercial purposes as described in the license agreement.        
 To obtain a valid commercial license file, please contact the developers.      
                                                                           
===========================================================================




 FILES USED
===========================================================================
	Input file : /Users/todd/Documents/Projects/projects/probFEA/R1/repository/modelA/temp.feb
	Plot file  : /Users/todd/Documents/Projects/projects/probFEA/R1/repository/modelA/temp.xplt
	Log file   : /Users/todd/Documents/Projects/projects/probFEA/R1/repository/modelA/temp.log


 MESH INFO
===========================================================================
	Number of materials ............................ : 101
	Number of domains .............................. : 101
	Number of nodes ................................ : 408
	Number of solid elements ....................... : 101


 CONTROL DATA
===========================================================================
	Module type .................................... : solid
	Analysis type .................................. : quasi-static
	Plane strain mode .............................. : no
	Number of timesteps ............................ : 1
	Time step size ................................. : 1
	Auto time stepper activated .................... : yes
	  Optimal nr of iterations ..................... : 10
	  Minimum allowable step size .................. : 0.01
	  Maximum allowable step size .................. : 0.1
	Number of loadcurves ........................... : 1
	Number of displacement boundary conditions ..... : 0
	Number of concentrated nodal forces ............ : 4
	Max nr of stiffness reformations ............... : 15
	per time steps
	Max nr of Quasi-Newton iterations .............. : 10
	between stiffness matrix reformations
	Linesearch convergence tolerance ............... : 0.9
	Minimum line search size ....................... : 0.01
	Maximum number of line search iterations ....... : 5
	Max condition number ........................... : 0.01
	Displacement convergence tolerance ............. : 0.001
	Energy convergence tolerance ................... : 0.01
	Residual convergence tolerance ................. : 0
	Minimal residual value ......................... : 1e-20


 OUTPUT DATA
===========================================================================
	plot level ................................ : major iterations
	plotfile format ........................... : FEBIO
		Nodal Variables:
			displacement         (type = vec3f, format = NODE)
		Domain Variables:
			stress               (type = mat3fs, format = ITEM)


 MATERIAL DATA
===========================================================================
  1 - unknown (type: neo-Hookean)
	density ........................................... : 1000
	E ................................................. : 1.39955e+10
	v ................................................. : 0.3
---------------------------------------------------------------------------
  2 - unknown (type: neo-Hookean)
	density ........................................... : 1000
	E ................................................. : 1.39956e+10
	v ................................................. : 0.3
---------------------------------------------------------------------------
  3 - unknown (type: neo-Hookean)
	density ........................................... : 1000
	E ................................................. : 1.39957e+10
	v ................................................. : 0.3
---------------------------------------------------------------------------
  4 - unknown (type: neo-Hookean)
	density ........................................... : 1000
	E ................................................. : 1.39956e+10
	v ................................................. : 0.3
---------------------------------------------------------------------------
  5 - unknown (type: neo-Hookean)
	density ........................................... : 1000
	E ................................................. : 1.39955e+10
	v ................................................. : 0.3
---------------------------------------------------------------------------
  6 - unknown (type: neo-Hookean)
	density ........................................... : 1000
	E ................................................. : 1.39953e+10
	v ................................................. : 0.3
---------------------------------------------------------------------------
  7 - unknown (type: neo-Hookean)
	density ........................................... : 1000
	E ................................................. : 1.3995e+10
	v ................................................. : 0.3
---------------------------------------------------------------------------
  8 - unknown (type: neo-Hookean)
	density ........................................... : 1000
	E ................................................. : 1.39947e+10
	v ................................................. : 0.3
---------------------------------------------------------------------------
  9 - unknown (type: neo-Hookean)
	density ........................................... : 1000
	E ................................................. : 1.39942e+10
	v ................................................. : 0.3
---------------------------------------------------------------------------
 10 - unknown (type: neo-Hookean)
	density ........................................... : 1000
	E ................................................. : 1.39936e+10
	v ................................................. : 0.3
---------------------------------------------------------------------------
 11 - unknown (type: neo-Hookean)
	density ........................................... : 1000
	E ................................................. : 1.3993e+10
	v ................................................. : 0.3
---------------------------------------------------------------------------
 12 - unknown (type: neo-Hookean)
	density ........................................... : 1000
	E ................................................. : 1.39923e+10
	v ................................................. : 0.3
---------------------------------------------------------------------------
 13 - unknown (type: neo-Hookean)
	density ........................................... : 1000
	E ................................................. : 1.39916e+10
	v ................................................. : 0.3
---------------------------------------------------------------------------
 14 - unknown (type: neo-Hookean)
	density ........................................... : 1000
	E ................................................. : 1.39909e+10
	v ................................................. : 0.3
---------------------------------------------------------------------------
 15 - unknown (type: neo-Hookean)
	density ........................................... : 1000
	E ................................................. : 1.39902e+10
	v ................................................. : 0.3
---------------------------------------------------------------------------
 16 - unknown (type: neo-Hookean)
	density ........................................... : 1000
	E ................................................. : 1.39895e+10
	v ................................................. : 0.3
---------------------------------------------------------------------------
 17 - unknown (type: neo-Hookean)
	density ........................................... : 1000
	E ................................................. : 1.39888e+10
	v ................................................. : 0.3
---------------------------------------------------------------------------
 18 - unknown (type: neo-Hookean)
	density ........................................... : 1000
	E ................................................. : 1.39883e+10
	v ................................................. : 0.3
---------------------------------------------------------------------------
 19 - unknown (type: neo-Hookean)
	density ........................................... : 1000
	E ................................................. : 1.39878e+10
	v ................................................. : 0.3
---------------------------------------------------------------------------
 20 - unknown (type: neo-Hookean)
	density ........................................... : 1000
	E ................................................. : 1.39874e+10
	v ................................................. : 0.3
---------------------------------------------------------------------------
 21 - unknown (type: neo-Hookean)
	density ........................................... : 1000
	E ................................................. : 1.39871e+10
	v ................................................. : 0.3
---------------------------------------------------------------------------
 22 - unknown (type: neo-Hookean)
	density ........................................... : 1000
	E ................................................. : 1.3987e+10
	v ................................................. : 0.3
---------------------------------------------------------------------------
 23 - unknown (type: neo-Hookean)
	density ........................................... : 1000
	E ................................................. : 1.3987e+10
	v ................................................. : 0.3
---------------------------------------------------------------------------
 24 - unknown (type: neo-Hookean)
	density ........................................... : 1000
	E ................................................. : 1.39871e+10
	v ................................................. : 0.3
---------------------------------------------------------------------------
 25 - unknown (type: neo-Hookean)
	density ........................................... : 1000
	E ................................................. : 1.39874e+10
	v ................................................. : 0.3
---------------------------------------------------------------------------
 26 - unknown (type: neo-Hookean)
	density ........................................... : 1000
	E ................................................. : 1.39877e+10
	v ................................................. : 0.3
---------------------------------------------------------------------------
 27 - unknown (type: neo-Hookean)
	density ........................................... : 1000
	E ................................................. : 1.39882e+10
	v ................................................. : 0.3
---------------------------------------------------------------------------
 28 - unknown (type: neo-Hookean)
	density ........................................... : 1000
	E ................................................. : 1.39888e+10
	v ................................................. : 0.3
---------------------------------------------------------------------------
 29 - unknown (type: neo-Hookean)
	density ........................................... : 1000
	E ................................................. : 1.39895e+10
	v ................................................. : 0.3
---------------------------------------------------------------------------
 30 - unknown (type: neo-Hookean)
	density ........................................... : 1000
	E ................................................. : 1.39903e+10
	v ................................................. : 0.3
---------------------------------------------------------------------------
 31 - unknown (type: neo-Hookean)
	density ........................................... : 1000
	E ................................................. : 1.39911e+10
	v ................................................. : 0.3
---------------------------------------------------------------------------
 32 - unknown (type: neo-Hookean)
	density ........................................... : 1000
	E ................................................. : 1.3992e+10
	v ................................................. : 0.3
---------------------------------------------------------------------------
 33 - unknown (type: neo-Hookean)
	density ........................................... : 1000
	E ................................................. : 1.39928e+10
	v ................................................. : 0.3
---------------------------------------------------------------------------
 34 - unknown (type: neo-Hookean)
	density ........................................... : 1000
	E ................................................. : 1.39937e+10
	v ................................................. : 0.3
---------------------------------------------------------------------------
 35 - unknown (type: neo-Hookean)
	density ........................................... : 1000
	E ................................................. : 1.39945e+10
	v ................................................. : 0.3
---------------------------------------------------------------------------
 36 - unknown (type: neo-Hookean)
	density ........................................... : 1000
	E ................................................. : 1.39954e+10
	v ................................................. : 0.3
---------------------------------------------------------------------------
 37 - unknown (type: neo-Hookean)
	density ........................................... : 1000
	E ................................................. : 1.39961e+10
	v ................................................. : 0.3
---------------------------------------------------------------------------
 38 - unknown (type: neo-Hookean)
	density ........................................... : 1000
	E ................................................. : 1.39968e+10
	v ................................................. : 0.3
---------------------------------------------------------------------------
 39 - unknown (type: neo-Hookean)
	density ........................................... : 1000
	E ................................................. : 1.39974e+10
	v ................................................. : 0.3
---------------------------------------------------------------------------
 40 - unknown (type: neo-Hookean)
	density ........................................... : 1000
	E ................................................. : 1.39979e+10
	v ................................................. : 0.3
---------------------------------------------------------------------------
 41 - unknown (type: neo-Hookean)
	density ........................................... : 1000
	E ................................................. : 1.39984e+10
	v ................................................. : 0.3
---------------------------------------------------------------------------
 42 - unknown (type: neo-Hookean)
	density ........................................... : 1000
	E ................................................. : 1.39987e+10
	v ................................................. : 0.3
---------------------------------------------------------------------------
 43 - unknown (type: neo-Hookean)
	density ........................................... : 1000
	E ................................................. : 1.3999e+10
	v ................................................. : 0.3
---------------------------------------------------------------------------
 44 - unknown (type: neo-Hookean)
	density ........................................... : 1000
	E ................................................. : 1.39992e+10
	v ................................................. : 0.3
---------------------------------------------------------------------------
 45 - unknown (type: neo-Hookean)
	density ........................................... : 1000
	E ................................................. : 1.39992e+10
	v ................................................. : 0.3
---------------------------------------------------------------------------
 46 - unknown (type: neo-Hookean)
	density ........................................... : 1000
	E ................................................. : 1.39992e+10
	v ................................................. : 0.3
---------------------------------------------------------------------------
 47 - unknown (type: neo-Hookean)
	density ........................................... : 1000
	E ................................................. : 1.39992e+10
	v ................................................. : 0.3
---------------------------------------------------------------------------
 48 - unknown (type: neo-Hookean)
	density ........................................... : 1000
	E ................................................. : 1.39991e+10
	v ................................................. : 0.3
---------------------------------------------------------------------------
 49 - unknown (type: neo-Hookean)
	density ........................................... : 1000
	E ................................................. : 1.39989e+10
	v ................................................. : 0.3
---------------------------------------------------------------------------
 50 - unknown (type: neo-Hookean)
	density ........................................... : 1000
	E ................................................. : 1.39987e+10
	v ................................................. : 0.3
---------------------------------------------------------------------------
 51 - unknown (type: neo-Hookean)
	density ........................................... : 1000
	E ................................................. : 1.39987e+10
	v ................................................. : 0.3
---------------------------------------------------------------------------
 52 - unknown (type: neo-Hookean)
	density ........................................... : 1000
	E ................................................. : 1.39986e+10
	v ................................................. : 0.3
---------------------------------------------------------------------------
 53 - unknown (type: neo-Hookean)
	density ........................................... : 1000
	E ................................................. : 1.39988e+10
	v ................................................. : 0.3
---------------------------------------------------------------------------
 54 - unknown (type: neo-Hookean)
	density ........................................... : 1000
	E ................................................. : 1.39993e+10
	v ................................................. : 0.3
---------------------------------------------------------------------------
 55 - unknown (type: neo-Hookean)
	density ........................................... : 1000
	E ................................................. : 1.40003e+10
	v ................................................. : 0.3
---------------------------------------------------------------------------
 56 - unknown (type: neo-Hookean)
	density ........................................... : 1000
	E ................................................. : 1.40023e+10
	v ................................................. : 0.3
---------------------------------------------------------------------------
 57 - unknown (type: neo-Hookean)
	density ........................................... : 1000
	E ................................................. : 1.40059e+10
	v ................................................. : 0.3
---------------------------------------------------------------------------
 58 - unknown (type: neo-Hookean)
	density ........................................... : 1000
	E ................................................. : 1.40118e+10
	v ................................................. : 0.3
---------------------------------------------------------------------------
 59 - unknown (type: neo-Hookean)
	density ........................................... : 1000
	E ................................................. : 1.4021e+10
	v ................................................. : 0.3
---------------------------------------------------------------------------
 60 - unknown (type: neo-Hookean)
	density ........................................... : 1000
	E ................................................. : 1.40348e+10
	v ................................................. : 0.3
---------------------------------------------------------------------------
 61 - unknown (type: neo-Hookean)
	density ........................................... : 1000
	E ................................................. : 1.40544e+10
	v ................................................. : 0.3
---------------------------------------------------------------------------
 62 - unknown (type: neo-Hookean)
	density ........................................... : 1000
	E ................................................. : 1.4081e+10
	v ................................................. : 0.3
---------------------------------------------------------------------------
 63 - unknown (type: neo-Hookean)
	density ........................................... : 1000
	E ................................................. : 1.41151e+10
	v ................................................. : 0.3
---------------------------------------------------------------------------
 64 - unknown (type: neo-Hookean)
	density ........................................... : 1000
	E ................................................. : 1.41566e+10
	v ................................................. : 0.3
---------------------------------------------------------------------------
 65 - unknown (type: neo-Hookean)
	density ........................................... : 1000
	E ................................................. : 1.42042e+10
	v ................................................. : 0.3
---------------------------------------------------------------------------
 66 - unknown (type: neo-Hookean)
	density ........................................... : 1000
	E ................................................. : 1.42556e+10
	v ................................................. : 0.3
---------------------------------------------------------------------------
 67 - unknown (type: neo-Hookean)
	density ........................................... : 1000
	E ................................................. : 1.43069e+10
	v ................................................. : 0.3
---------------------------------------------------------------------------
 68 - unknown (type: neo-Hookean)
	density ........................................... : 1000
	E ................................................. : 1.43539e+10
	v ................................................. : 0.3
---------------------------------------------------------------------------
 69 - unknown (type: neo-Hookean)
	density ........................................... : 1000
	E ................................................. : 1.43918e+10
	v ................................................. : 0.3
---------------------------------------------------------------------------
 70 - unknown (type: neo-Hookean)
	density ........................................... : 1000
	E ................................................. : 1.44166e+10
	v ................................................. : 0.3
---------------------------------------------------------------------------
 71 - unknown (type: neo-Hookean)
	density ........................................... : 1000
	E ................................................. : 1.44253e+10
	v ................................................. : 0.3
---------------------------------------------------------------------------
 72 - unknown (type: neo-Hookean)
	density ........................................... : 1000
	E ................................................. : 1.44171e+10
	v ................................................. : 0.3
---------------------------------------------------------------------------
 73 - unknown (type: neo-Hookean)
	density ........................................... : 1000
	E ................................................. : 1.43928e+10
	v ................................................. : 0.3
---------------------------------------------------------------------------
 74 - unknown (type: neo-Hookean)
	density ........................................... : 1000
	E ................................................. : 1.43553e+10
	v ................................................. : 0.3
---------------------------------------------------------------------------
 75 - unknown (type: neo-Hookean)
	density ........................................... : 1000
	E ................................................. : 1.43087e+10
	v ................................................. : 0.3
---------------------------------------------------------------------------
 76 - unknown (type: neo-Hookean)
	density ........................................... : 1000
	E ................................................. : 1.42575e+10
	v ................................................. : 0.3
---------------------------------------------------------------------------
 77 - unknown (type: neo-Hookean)
	density ........................................... : 1000
	E ................................................. : 1.42064e+10
	v ................................................. : 0.3
---------------------------------------------------------------------------
 78 - unknown (type: neo-Hookean)
	density ........................................... : 1000
	E ................................................. : 1.41588e+10
	v ................................................. : 0.3
---------------------------------------------------------------------------
 79 - unknown (type: neo-Hookean)
	density ........................................... : 1000
	E ................................................. : 1.41173e+10
	v ................................................. : 0.3
---------------------------------------------------------------------------
 80 - unknown (type: neo-Hookean)
	density ........................................... : 1000
	E ................................................. : 1.4083e+10
	v ................................................. : 0.3
---------------------------------------------------------------------------
 81 - unknown (type: neo-Hookean)
	density ........................................... : 1000
	E ................................................. : 1.40562e+10
	v ................................................. : 0.3
---------------------------------------------------------------------------
 82 - unknown (type: neo-Hookean)
	density ........................................... : 1000
	E ................................................. : 1.40362e+10
	v ................................................. : 0.3
---------------------------------------------------------------------------
 83 - unknown (type: neo-Hookean)
	density ........................................... : 1000
	E ................................................. : 1.40219e+10
	v ................................................. : 0.3
---------------------------------------------------------------------------
 84 - unknown (type: neo-Hookean)
	density ........................................... : 1000
	E ................................................. : 1.40122e+10
	v ................................................. : 0.3
---------------------------------------------------------------------------
 85 - unknown (type: neo-Hookean)
	density ........................................... : 1000
	E ................................................. : 1.40057e+10
	v ................................................. : 0.3
---------------------------------------------------------------------------
 86 - unknown (type: neo-Hookean)
	density ........................................... : 1000
	E ................................................. : 1.40015e+10
	v ................................................. : 0.3
---------------------------------------------------------------------------
 87 - unknown (type: neo-Hookean)
	density ........................................... : 1000
	E ................................................. : 1.39988e+10
	v ................................................. : 0.3
---------------------------------------------------------------------------
 88 - unknown (type: neo-Hookean)
	density ........................................... : 1000
	E ................................................. : 1.39971e+10
	v ................................................. : 0.3
---------------------------------------------------------------------------
 89 - unknown (type: neo-Hookean)
	density ........................................... : 1000
	E ................................................. : 1.3996e+10
	v ................................................. : 0.3
---------------------------------------------------------------------------
 90 - unknown (type: neo-Hookean)
	density ........................................... : 1000
	E ................................................. : 1.39953e+10
	v ................................................. : 0.3
---------------------------------------------------------------------------
 91 - unknown (type: neo-Hookean)
	density ........................................... : 1000
	E ................................................. : 1.39948e+10
	v ................................................. : 0.3
---------------------------------------------------------------------------
 92 - unknown (type: neo-Hookean)
	density ........................................... : 1000
	E ................................................. : 1.39944e+10
	v ................................................. : 0.3
---------------------------------------------------------------------------
 93 - unknown (type: neo-Hookean)
	density ........................................... : 1000
	E ................................................. : 1.39943e+10
	v ................................................. : 0.3
---------------------------------------------------------------------------
 94 - unknown (type: neo-Hookean)
	density ........................................... : 1000
	E ................................................. : 1.39942e+10
	v ................................................. : 0.3
---------------------------------------------------------------------------
 95 - unknown (type: neo-Hookean)
	density ........................................... : 1000
	E ................................................. : 1.39942e+10
	v ................................................. : 0.3
---------------------------------------------------------------------------
 96 - unknown (type: neo-Hookean)
	density ........................................... : 1000
	E ................................................. : 1.39943e+10
	v ................................................. : 0.3
---------------------------------------------------------------------------
 97 - unknown (type: neo-Hookean)
	density ........................................... : 1000
	E ................................................. : 1.39945e+10
	v ................................................. : 0.3
---------------------------------------------------------------------------
 98 - unknown (type: neo-Hookean)
	density ........................................... : 1000
	E ................................................. : 1.39947e+10
	v ................................................. : 0.3
---------------------------------------------------------------------------
 99 - unknown (type: neo-Hookean)
	density ........................................... : 1000
	E ................................................. : 1.39949e+10
	v ................................................. : 0.3
---------------------------------------------------------------------------
100 - unknown (type: neo-Hookean)
	density ........................................... : 1000
	E ................................................. : 1.39951e+10
	v ................................................. : 0.3
---------------------------------------------------------------------------
101 - unknown (type: neo-Hookean)
	density ........................................... : 1000
	E ................................................. : 1.39953e+10
	v ................................................. : 0.3


 LOADCURVE DATA
===========================================================================
  1
         0         0
         1         1


 LINEAR SOLVER DATA
===========================================================================
	Solver type ............................... : Pardiso
	Matrix format ............................. : symmetric



===== beginning time step 1 : 1 =====
===== reforming stiffness matrix:
	Nr of equations ........................... : 1212
	Nr of nonzeroes in stiffness matrix ....... : 22278

 1
 Nonlinear solution status: time= 1
	stiffness updates             = 0
	right hand side evaluations   = 2
	stiffness matrix reformations = 1
	step from line search         = 1.000000
	convergence norms :     INITIAL         CURRENT         REQUIRED
	   residual            1.600000e+07    1.428215e+01    0.000000e+00 
	   energy              2.018801e+00    9.869106e-04    2.018801e-02 
	   displacement        8.699751e-06    8.699751e-06    8.699751e-12 
 2
 Nonlinear solution status: time= 1
	stiffness updates             = 1
	right hand side evaluations   = 3
	stiffness matrix reformations = 1
	step from line search         = 1.000000
	convergence norms :     INITIAL         CURRENT         REQUIRED
	   residual            1.600000e+07    2.264664e-06    0.000000e+00 
	   energy              2.018801e+00    2.939163e-10    2.018801e-02 
	   displacement        8.699751e-06    2.077770e-12    8.691251e-12 

convergence summary
    number of iterations   : 2
    number of reformations : 1


------- converged at time : 1


Data Record #1
===========================================================================
Step = 1
Time = 1
Data = Ex;Ey;Ez;Exy;Eyz;Exz;sx;sy;sz;sxy;syz;sxz
1 -0.000519892 5.65957e-05 5.65957e-05 -7.15912e-18 8.24067e-18 7.13507e-17 -8.88792e+06 -2.6781e+06 -2.6781e+06 -7.69214e-08 8.84883e-08 7.67875e-07
2 -0.000588065 0.000136165 0.000136165 4.50503e-17 1.73489e-18 1.56091e-17 -8.88647e+06 -1.0869e+06 -1.0869e+06 4.86078e-07 1.85799e-08 1.68104e-07
3 -0.000615718 0.000168461 0.000168461 1.44267e-17 3.77365e-17 3.23876e-17 -8.88589e+06 -441127 -441127 1.57503e-07 4.0644e-07 3.49297e-07
4 -0.000626941 0.00018157 0.00018157 1.00244e-16 6.33289e-17 1.39426e-16 -8.88566e+06 -179024 -179024 1.08233e-06 6.81997e-07 1.50082e-06
5 -0.0006315 0.000186892 0.000186892 3.88018e-16 1.64829e-17 6.67811e-18 -8.88556e+06 -72641.2 -72641.2 4.17926e-06 1.77491e-07 7.28323e-08
6 -0.000633357 0.000189055 0.000189055 -1.48978e-16 -1.99531e-17 -3.82635e-16 -8.88553e+06 -29462.3 -29462.3 -1.59869e-06 -2.1486e-07 -4.11577e-06
7 -0.000634121 0.000189935 0.000189935 -8.5205e-17 -7.54748e-17 -3.25969e-17 -8.88551e+06 -11938 -11938 -9.12711e-07 -8.12725e-07 -3.49327e-07
8 -0.000634443 0.000190296 0.000190296 -3.81085e-16 -9.23916e-17 -2.04426e-16 -8.8855e+06 -4826.91 -4826.91 -4.0949e-06 -9.9486e-07 -2.19676e-06
9 -0.000634588 0.000190447 0.000190447 1.08099e-16 -4.51114e-17 1.3914e-16 -8.8855e+06 -1942.13 -1942.13 1.17035e-06 -4.85736e-07 1.49906e-06
10 -0.000634663 0.000190513 0.000190513 -3.54312e-16 -4.59789e-17 6.97038e-17 -8.8855e+06 -774.964 -774.964 -3.80399e-06 -4.95058e-07 7.5273e-07
11 -0.000634711 0.000190545 0.000190545 -1.28826e-16 -1.73505e-17 -2.48473e-17 -8.8855e+06 -305.948 -305.948 -1.37657e-06 -1.86806e-07 -2.64657e-07
12 -0.00063475 0.000190563 0.000190563 -1.54193e-16 4.034e-17 -3.38686e-17 -8.8855e+06 -119.546 -119.546 -1.64489e-06 4.34303e-07 -3.63576e-07
13 -0.000634785 0.000190577 0.000190577 -1.16088e-16 7.20047e-17 1.17932e-16 -8.8855e+06 -47.5862 -47.5862 -1.2335e-06 7.75169e-07 1.26966e-06
14 -0.000634819 0.000190588 0.000190588 8.59879e-17 6.37632e-17 1.75113e-16 -8.8855e+06 -23.989 -23.989 9.41352e-07 6.86409e-07 1.88627e-06
15 -0.000634852 0.000190598 0.000190598 1.91804e-17 2.73271e-17 -1.38127e-16 -8.8855e+06 -18.9434 -18.9434 2.22924e-07 2.9416e-07 -1.48154e-06
16 -0.000634883 0.000190607 0.000190607 -1.63751e-16 7.59086e-17 7.6434e-17 -8.8855e+06 -21.0303 -21.0303 -1.74703e-06 8.17071e-07 8.20075e-07
17 -0.000634912 0.000190615 0.000190615 2.75268e-16 7.85112e-17 -2.07404e-17 -8.8855e+06 -27.1447 -27.1447 2.9734e-06 8.45046e-07 -2.24779e-07
18 -0.000634938 0.000190623 0.000190623 -5.69615e-17 -1.30129e-18 7.28465e-17 -8.8855e+06 -32.3589 -32.3589 -6.00254e-07 -1.40058e-08 7.8395e-07
19 -0.000634959 0.000190629 0.000190629 -1.2737e-17 -7.3306e-17 3.92809e-16 -8.8855e+06 -37.1804 -37.1804 -1.2424e-07 -7.88962e-07 4.22804e-06
20 -0.000634977 0.000190634 0.000190634 1.03559e-16 -9.7163e-17 1.84808e-16 -8.8855e+06 -42.0015 -42.0015 1.12532e-06 -1.0457e-06 1.98678e-06
21 -0.000634989 0.000190638 0.000190638 -6.56984e-17 -8.24151e-18 -3.56367e-17 -8.8855e+06 -46.0582 -46.0582 -6.92829e-07 -8.86957e-08 -3.81744e-07
22 -0.000634995 0.00019064 0.00019064 -3.05196e-16 -2.94196e-27 -2.24905e-16 -8.8855e+06 -48.2267 -48.2267 -3.26686e-06 5.11416e-16 -2.41378e-06
23 -0.000634995 0.00019064 0.00019064 -1.18717e-16 -1.25791e-17 1.17669e-16 -8.8855e+06 -48.2579 -48.2579 -1.26079e-06 -1.35376e-07 1.27208e-06
24 -0.00063499 0.000190638 0.000190638 -3.20246e-17 -6.94022e-18 6.5551e-17 -8.8855e+06 -47.5844 -47.5844 -3.27291e-07 -7.4691e-08 7.13079e-07
25 -0.000634979 0.000190635 0.000190635 2.81984e-16 1.99531e-17 2.25165e-16 -8.8855e+06 -45.837 -45.837 3.05013e-06 2.1474e-07 2.42972e-06
26 -0.000634962 0.00019063 0.00019063 -2.97481e-16 -3.51348e-17 4.16e-16 -8.8855e+06 -42.8992 -42.8992 -3.18208e-06 -3.7814e-07 4.4824e-06
27 -0.000634939 0.000190623 0.000190623 -6.51009e-17 1.69168e-17 4.28363e-17 -8.8855e+06 -38.364 -38.364 -6.80648e-07 1.82074e-07 4.72283e-07
28 -0.000634912 0.000190615 0.000190615 1.48221e-16 1.29262e-16 -9.25825e-18 -8.8855e+06 -32.9867 -32.9867 1.61543e-06 1.39129e-06 -8.70233e-08
29 -0.000634881 0.000190606 0.000190606 -1.51982e-16 3.20985e-17 -1.89635e-16 -8.8855e+06 -26.7678 -26.7678 -1.61235e-06 3.45505e-07 -2.02846e-06
30 -0.000634847 0.000190596 0.000190596 -1.45048e-16 -1.30563e-16 8.61311e-17 -8.8855e+06 -19.9575 -19.9575 -1.53773e-06 -1.40544e-06 9.39769e-07
31 -0.000634811 0.000190585 0.000190585 -8.09954e-17 -5.20516e-18 3.29113e-16 -8.8855e+06 -13.8095 -13.8095 -8.45747e-07 -5.60344e-08 3.55179e-06
32 -0.000634772 0.000190574 0.000190574 -5.51457e-17 1.86085e-16 1.76406e-16 -8.8855e+06 -6.10191 -6.10191 -5.63946e-07 2.00334e-06 1.90984e-06
33 -0.000634733 0.000190563 0.000190563 -5.51456e-17 1.5442e-16 -5.29309e-17 -8.8855e+06 1.4201 1.42009 -5.63983e-07 1.66255e-06 -5.50482e-07
34 -0.000634694 0.000190551 0.000190551 -1.62699e-16 4.55452e-17 -1.57172e-16 -8.8855e+06 7.47973 7.47973 -1.72153e-06 4.9039e-07 -1.669e-06
35 -0.000634656 0.00019054 0.00019054 -6.76137e-16 -7.50411e-17 -3.04681e-17 -8.8855e+06 13.9796 13.9796 -7.24862e-06 -8.08025e-07 -3.06875e-07
36 -0.000634619 0.000190529 0.000190529 -1.74828e-16 -7.59086e-17 4.13293e-16 -8.8855e+06 19.9012 19.9012 -1.85259e-06 -8.17414e-07 4.47664e-06
37 -0.000634585 0.000190519 0.000190519 -2.44356e-16 -4.59789e-17 8.94154e-17 -8.8855e+06 24.6607 24.6607 -2.5981e-06 -4.95146e-07 9.79501e-07
38 -0.000634554 0.00019051 0.00019051 -3.8851e-16 6.5932e-17 -2.94236e-16 -8.8855e+06 28.8263 28.8263 -4.14631e-06 7.10056e-07 -3.14437e-06
39 -0.000634526 0.000190502 0.000190502 -2.88126e-16 3.47011e-18 8.05183e-17 -8.8855e+06 31.4686 31.4686 -3.06089e-06 3.73731e-08 8.88626e-07
40 -0.000634502 0.000190495 0.000190495 -1.11251e-16 1.73505e-17 4.55385e-18 -8.8855e+06 33.7722 33.7722 -1.1554e-06 1.86872e-07 6.30303e-08
41 -0.000634482 0.000190489 0.000190489 -6.54837e-16 1.33165e-16 1.04835e-16 -8.8855e+06 34.4918 34.4918 -6.99436e-06 1.43429e-06 1.14982e-06
42 -0.000634467 0.000190484 0.000190484 -6.13765e-17 1.01501e-16 -4.25522e-16 -8.8855e+06 33.9739 33.9739 -6.09191e-07 1.09326e-06 -4.57017e-06
43 -0.000634455 0.00019048 0.00019048 -6.63311e-17 -8.54514e-17 1.97032e-16 -8.8855e+06 33.393 33.393 -6.6792e-07 -9.20413e-07 2.13698e-06
44 -0.000634447 0.000190478 0.000190478 -3.21586e-16 -9.7163e-17 3.8095e-16 -8.8855e+06 30.9567 30.9567 -3.41074e-06 -1.04657e-06 4.11635e-06
45 -0.000634443 0.000190477 0.000190477 -2.45742e-16 3.03634e-17 -9.39935e-17 -8.8855e+06 27.824 27.824 -2.58376e-06 3.27056e-07 -1.00513e-06
46 -0.000634443 0.000190476 0.000190476 -3.88145e-16 1.11477e-16 -1.77333e-16 -8.8855e+06 23.665 23.665 -4.11361e-06 1.20076e-06 -1.90084e-06
47 -0.000634445 0.000190477 0.000190477 1.80758e-16 1.35334e-16 -3.65618e-18 -8.8855e+06 18.0091 18.0091 2.0134e-06 1.45773e-06 -3.53426e-08
48 -0.00063445 0.000190478 0.000190478 2.77807e-16 8.50176e-17 -1.11702e-16 -8.8855e+06 9.72585 9.72585 3.06032e-06 9.15747e-07 -1.188e-06
49 -0.000634456 0.000190479 0.000190479 2.19007e-16 5.98594e-17 6.16752e-16 -8.8855e+06 -4.8389 -4.8389 2.42333e-06 6.44753e-07 6.65761e-06
50 -0.000634463 0.00019048 0.00019048 -3.08467e-16 -1.08441e-17 6.23846e-16 -8.8855e+06 -31.2692 -31.2692 -3.25306e-06 -1.16802e-07 6.73055e-06
51 -0.000634465 0.00019048 0.00019048 1.0457e-16 -1.52685e-16 -3.86836e-17 -8.8855e+06 -46.4349 -46.4349 1.19006e-06 -1.64456e-06 -4.05282e-07
52 -0.000634465 0.000190479 0.000190479 -5.09676e-16 -2.09074e-16 6.90586e-17 -8.8855e+06 -95.4633 -95.4633 -5.41969e-06 -2.25192e-06 7.50609e-07
53 -0.000634455 0.000190473 0.000190473 3.22927e-16 -2.64162e-16 4.57682e-16 -8.8855e+06 -168.618 -168.618 3.54566e-06 -2.8453e-06 4.93366e-06
54 -0.000634429 0.000190461 0.000190461 2.21753e-16 -2.54185e-16 -1.90819e-16 -8.8855e+06 -278.646 -278.646 2.46854e-06 -2.73793e-06 -2.05449e-06
55 -0.000634375 0.000190439 0.000190439 -2.19102e-16 -1.97362e-16 -2.15696e-16 -8.8855e+06 -440.381 -440.381 -2.27308e-06 -2.12603e-06 -2.30977e-06
56 -0.000634274 0.0001904 0.0001904 -1.29073e-16 -2.42908e-17 -3.48842e-17 -8.8855e+06 -665.513 -665.513 -1.30008e-06 -2.61703e-07 -3.71579e-07
57 -0.0006341 0.000190337 0.000190337 3.52434e-16 1.30563e-16 -2.56679e-16 -8.8855e+06 -959.989 -959.989 3.90231e-06 1.40701e-06 -2.76616e-06
58 -0.000633819 0.000190239 0.000190239 3.24796e-16 1.49215e-16 -6.80072e-16 -8.88551e+06 -1318.52 -1318.52 3.60359e-06 1.60869e-06 -7.32731e-06
59 -0.000633384 0.000190094 0.000190094 -1.15856e-16 2.71102e-16 6.26905e-17 -8.88551e+06 -1715.33 -1715.33 -1.14505e-06 2.92468e-06 6.70826e-07
60 -0.000632745 0.000189888 0.000189888 2.41556e-16 4.08171e-16 -4.36297e-16 -8.88551e+06 -2100.08 -2100.08 2.71045e-06 4.40774e-06 -4.7278e-06
61 -0.00063185 0.000189608 0.000189608 5.78724e-17 3.32263e-16 2.98896e-16 -8.88552e+06 -2397.79 -2397.79 7.24529e-07 3.59304e-06 3.21946e-06
62 -0.000630655 0.000189245 0.000189245 2.24611e-16 -2.99296e-17 -1.38611e-16 -8.88552e+06 -2513.76 -2513.76 2.52714e-06 -3.24256e-07 -1.5047e-06
63 -0.00062914 0.000188796 0.000188796 -5.21067e-16 -3.05369e-16 -1.2767e-16 -8.88553e+06 -2350.41 -2350.41 -5.56709e-06 -3.31645e-06 -1.40114e-06
64 -0.000627319 0.000188268 0.000188268 -2.15664e-16 -2.48112e-16 -4.87917e-16 -8.88554e+06 -1833.4 -1833.4 -2.26034e-06 -2.70255e-06 -5.34002e-06
65 -0.000625254 0.00018768 0.00018768 1.10177e-16 -1.43575e-16 -2.3558e-18 -8.88555e+06 -938.501 -938.501 1.29789e-06 -1.56914e-06 -5.0073e-08
66 -0.000623056 0.000187065 0.000187065 5.45527e-17 -2.65896e-16 1.53814e-16 -8.88556e+06 288.398 288.398 6.95218e-07 -2.91649e-06 1.66097e-06
67 -0.00062088 0.000186463 0.000186463 3.53074e-16 -2.45943e-16 3.4124e-16 -8.88557e+06 1724.89 1724.89 3.97916e-06 -2.70736e-06 3.72759e-06
68 -0.000618911 0.000185924 0.000185924 5.02142e-16 -7.93784e-17 2.16095e-16 -8.88558e+06 3183.11 3183.11 5.64046e-06 -8.76675e-07 2.36371e-06
69 -0.000617334 0.000185496 0.000185496 9.63617e-17 1.47913e-16 -3.31936e-16 -8.88559e+06 4443.17 4443.17 1.16074e-06 1.63788e-06 -3.6991e-06
70 -0.000616311 0.000185219 0.000185219 -2.92048e-16 8.5451e-17 -3.03769e-17 -8.88559e+06 5299.45 5299.45 -3.14754e-06 9.4786e-07 -3.55618e-07
71 -0.00061595 0.000185121 0.000185121 4.19409e-16 -3.86047e-17 4.58691e-16 -8.8856e+06 5605.13 5605.13 4.73882e-06 -4.28479e-07 5.07281e-06
72 -0.00061629 0.000185213 0.000185213 -6.34888e-16 6.11603e-17 -1.89406e-16 -8.88559e+06 5306.77 5306.77 -6.96314e-06 6.78439e-07 -2.13149e-06
73 -0.000617294 0.000185484 0.000185484 -4.3704e-16 1.21887e-16 3.83911e-17 -8.88559e+06 4458.21 4458.21 -4.76335e-06 1.34979e-06 4.19933e-07
74 -0.000618853 0.000185908 0.000185908 5.20082e-17 2.35966e-16 6.55861e-16 -8.88558e+06 3205.08 3205.08 6.51559e-07 2.60631e-06 7.23802e-06
75 -0.000620807 0.000186442 0.000186442 3.3976e-16 2.43774e-16 1.87828e-16 -8.88557e+06 1753.38 1753.38 3.82071e-06 2.6838e-06 2.05646e-06
76 -0.000622971 0.00018704 0.00018704 -5.94175e-17 2.51582e-17 -1.69147e-17 -8.88556e+06 322.144 322.144 -5.65844e-07 2.75986e-07 -1.94962e-07
77 -0.000625161 0.000187654 0.000187654 3.42655e-16 7.46071e-17 3.57441e-18 -8.88555e+06 -901.13 -901.13 3.83759e-06 8.15514e-07 3.67604e-08
78 -0.000627222 0.00018824 0.00018824 -6.98172e-17 9.23914e-17 -1.89953e-16 -8.88554e+06 -1792.98 -1792.98 -6.75356e-07 1.00652e-06 -2.08734e-06
79 -0.000629044 0.000188768 0.000188768 2.77449e-16 2.42907e-17 2.78074e-16 -8.88553e+06 -2308.83 -2308.83 3.09005e-06 2.63847e-07 3.00791e-06
80 -0.000630566 0.000189219 0.000189219 3.71033e-16 -1.18417e-16 1.60296e-16 -8.88552e+06 -2472.35 -2472.35 4.09813e-06 -1.28315e-06 1.72097e-06
81 -0.000631772 0.000189586 0.000189586 -3.71263e-16 -1.72638e-16 -1.58821e-16 -8.88552e+06 -2359.23 -2359.23 -3.93779e-06 -1.86711e-06 -1.73365e-06
82 -0.000632684 0.000189871 0.000189871 -1.31251e-16 -9.80305e-17 1.67393e-16 -8.88551e+06 -2066.51 -2066.51 -1.35463e-06 -1.05871e-06 1.78845e-06
83 -0.000633343 0.000190083 0.000190083 -2.1063e-16 -8.58851e-17 1.11821e-16 -8.88551e+06 -1686.17 -1686.17 -2.21832e-06 -9.26601e-07 1.18866e-06
84 -0.000633802 0.000190235 0.000190235 4.09943e-16 8.67527e-19 2.67813e-16 -8.88551e+06 -1296.06 -1296.06 4.48074e-06 9.3538e-09 2.87175e-06
85 -0.000634111 0.000190341 0.000190341 4.89245e-17 -9.88981e-17 2.44229e-16 -8.8855e+06 -945.298 -945.298 5.94161e-07 -1.06576e-06 2.60125e-06
86 -0.000634313 0.000190412 0.000190412 3.9919e-16 -2.89754e-16 2.44007e-16 -8.8855e+06 -658.288 -658.288 4.36896e-06 -3.12155e-06 2.60287e-06
87 -0.000634444 0.000190459 0.000190459 -2.18055e-16 -1.83916e-16 9.17391e-16 -8.8855e+06 -442.37 -442.37 -2.28411e-06 -1.98096e-06 9.84548e-06
88 -0.000634528 0.00019049 0.00019049 -1.83732e-16 1.58757e-16 6.81893e-16 -8.8855e+06 -289.17 -289.17 -1.90635e-06 1.70977e-06 7.30002e-06
89 -0.000634582 0.00019051 0.00019051 -1.49387e-16 2.10809e-16 5.7105e-16 -8.8855e+06 -186.188 -186.188 -1.52899e-06 2.27018e-06 6.10246e-06
90 -0.000634617 0.000190523 0.000190523 -1.91194e-16 1.04103e-16 -2.05458e-16 -8.8855e+06 -120.571 -120.571 -1.97516e-06 1.12102e-06 -2.26978e-06
91 -0.000634641 0.000190532 0.000190532 3.9144e-16 1.18851e-16 2.7328e-16 -8.8855e+06 -78.6837 -78.6837 4.30091e-06 1.27978e-06 2.88402e-06
92 -0.000634658 0.000190537 0.000190537 -1.84684e-16 -1.69602e-16 1.20595e-16 -8.8855e+06 -68.2355 -68.2355 -1.89574e-06 -1.82621e-06 1.24124e-06
93 -0.000634665 0.000190541 0.000190541 -7.40241e-17 -1.1061e-16 8.6341e-17 -8.8855e+06 -45.6839 -45.6839 -6.96908e-07 -1.191e-06 8.63079e-07
94 -0.000634668 0.000190542 0.000190542 3.91062e-16 1.69168e-16 1.55995e-16 -8.8855e+06 -34.319 -34.319 4.30481e-06 1.82152e-06 1.60703e-06
95 -0.000634668 0.000190542 0.000190542 2.8011e-16 2.84983e-16 -2.8878e-16 -8.8855e+06 -27.0603 -27.0603 3.10915e-06 3.06856e-06 -3.1652e-06
96 -0.000634664 0.000190541 0.000190541 -2.96105e-16 8.93553e-17 -8.7189e-16 -8.8855e+06 -20.7938 -20.7938 -3.08634e-06 9.62142e-07 -9.43589e-06
97 -0.000634658 0.00019054 0.00019054 2.10118e-16 -5.46542e-17 7.16587e-17 -8.8855e+06 -13.7768 -13.7768 2.36887e-06 -5.88501e-07 7.22388e-07
98 -0.00063465 0.000190537 0.000190537 -3.30342e-16 -1.55287e-16 1.41244e-16 -8.8855e+06 -6.30461 -6.30461 -3.46476e-06 -1.67211e-06 1.46712e-06
99 -0.00063464 0.000190535 0.000190535 4.41602e-17 -2.19918e-16 -1.77777e-16 -8.8855e+06 4.02706 4.02706 5.70304e-07 -2.36808e-06 -1.97018e-06
100 -0.000634631 0.000190533 0.000190533 2.3158e-16 -1.37937e-16 -3.30805e-16 -8.8855e+06 19.7343 19.7343 2.58608e-06 -1.48533e-06 -3.60929e-06
101 -0.000634623 0.000190531 0.000190531 1.05878e-16 2.26425e-16 -8.23331e-16 -8.8855e+06 46.5984 46.5984 1.25039e-06 2.43822e-06 -8.91359e-06


N O N L I N E A R   I T E R A T I O N   I N F O R M A T I O N

	Number of time steps completed .................... : 1

	Total number of equilibrium iterations ............ : 2

	Average number of equilibrium iterations .......... : 2

	Total number of right hand evaluations ............ : 3

	Total number of stiffness reformations ............ : 1

	Time in linear solver: 0:00:00

 T I M I N G   I N F O R M A T I O N

	Input time ...................... : 0:00:00 (0 sec)

	Initialization time ............. : 0:00:00 (0 sec)

	Solve time ...................... : 0:00:00 (0 sec)

	   IO-time (plot, dmp, data) .... : 0:00:00 (0 sec)

	   reforming stiffness .......... : 0:00:00 (0 sec)

	   evaluating stiffness ......... : 0:00:00 (0 sec)

	   evaluating residual .......... : 0:00:00 (0 sec)

	   model update ................. : 0:00:00 (0 sec)

	   time in linear solver ........ : 0:00:00 (0 sec)

	Total elapsed time .............. : 0:00:00 (0 sec)


 N O R M A L   T E R M I N A T I O N

